\BOOKMARK [1][-]{section.1}{Introdu\347\343o}{}% 1
\BOOKMARK [2][-]{subsection.1.1}{Algoritmos Evolucion\341rios}{section.1}% 2
\BOOKMARK [2][-]{subsection.1.2}{Algoritmos Gen\351ticos}{section.1}% 3
\BOOKMARK [2][-]{subsection.1.3}{Etapas de um AG}{section.1}% 4
\BOOKMARK [2][-]{subsection.1.4}{Problema do caixeiro viajante \(TSP\)}{section.1}% 5
\BOOKMARK [1][-]{section.2}{M\351todos}{}% 6
\BOOKMARK [2][-]{subsection.2.1}{Representa\347\343o cromossomial}{section.2}% 7
\BOOKMARK [2][-]{subsection.2.2}{C\341lculo de aptid\343o}{section.2}% 8
\BOOKMARK [2][-]{subsection.2.3}{Elitismo}{section.2}% 9
\BOOKMARK [2][-]{subsection.2.4}{Sele\347\343o dos pais}{section.2}% 10
\BOOKMARK [3][-]{subsubsection.2.4.1}{M\351todo da roleta viciada}{subsection.2.4}% 11
\BOOKMARK [3][-]{subsubsection.2.4.2}{Ranking}{subsection.2.4}% 12
\BOOKMARK [3][-]{subsubsection.2.4.3}{Torneio}{subsection.2.4}% 13
\BOOKMARK [2][-]{subsection.2.5}{Cruzamento \(Crossover\)}{section.2}% 14
\BOOKMARK [3][-]{subsubsection.2.5.1}{Crossover de um ponto}{subsection.2.5}% 15
\BOOKMARK [3][-]{subsubsection.2.5.2}{Crossover de dois pontos}{subsection.2.5}% 16
\BOOKMARK [3][-]{subsubsection.2.5.3}{Crossover uniforme}{subsection.2.5}% 17
\BOOKMARK [3][-]{subsubsection.2.5.4}{Partially Matched Crossover \(PMX\)}{subsection.2.5}% 18
\BOOKMARK [3][-]{subsubsection.2.5.5}{Cycle Crossover \(CX\)}{subsection.2.5}% 19
\BOOKMARK [2][-]{subsection.2.6}{Muta\347\343o}{section.2}% 20
\BOOKMARK [3][-]{subsubsection.2.6.1}{Muta\347\343o de um \372nico bit}{subsection.2.6}% 21
\BOOKMARK [3][-]{subsubsection.2.6.2}{Muta\347\343o SWAP}{subsection.2.6}% 22
\BOOKMARK [3][-]{subsubsection.2.6.3}{Muta\347\343o invers\343o}{subsection.2.6}% 23
\BOOKMARK [1][-]{section.3}{Resultados}{}% 24
\BOOKMARK [1][-]{section.4}{Discuss\343o}{}% 25
